  Processing nodemcuv2 (platform: espressif8266; board: nodemcuv2; framework: arduino)
  --------------------------------------------------------------------------------
  Verbose mode can be enabled via `-v, --verbose` option
  CONFIGURATION: https://docs.platformio.org/page/boards/espressif8266/nodemcuv2.html
  PLATFORM: Espressif 8266 (3.2.0) > NodeMCU 1.0 (ESP-12E Module)
  HARDWARE: ESP8266 80MHz, 80KB RAM, 4MB Flash
  PACKAGES: 
   - framework-arduinoespressif8266 3.30002.0 (3.0.2) 
   - tool-esptool 1.413.0 (4.13) 
   - tool-esptoolpy 1.30000.201119 (3.0.0) 
   - toolchain-xtensa 2.100300.210717 (10.3.0)
  LDF: Library Dependency Finder -> http://bit.ly/configure-pio-ldf
  LDF Modes: Finder ~ chain, Compatibility ~ soft
  Found 36 compatible libraries
  Scanning dependencies...
  Dependency Graph
  |-- <TaskScheduler> 3.4.0
  Building in release mode
  Compiling .pio\build\nodemcuv2\src\main.cpp.o
  Retrieving maximum program size .pio\build\nodemcuv2\firmware.elf
  Checking size .pio\build\nodemcuv2\firmware.elf
  Advanced Memory Usage is available via "PlatformIO Home > Project Inspect"
  RAM:   [=====     ]  48.2% (used 39508 bytes from 81920 bytes)
  Flash: [====      ]  43.1% (used 449669 bytes from 1044464 bytes)
  ========================= [SUCCESS] Took 2.60 seconds =========================
